Performing C SOURCE FILE Test CMAKE_HAVE_LIBC_PTHREAD failed with the following output:
Change Dir: /mnt/c/Users/xpcai/OneDrive/Documents/GitHub/SFND_Lidar_Obstacle_Detection/build/CMakeFiles/CMakeTmp

Run Build Command(s):/usr/bin/make cmTC_f3282/fast && /usr/bin/make  -f CMakeFiles/cmTC_f3282.dir/build.make CMakeFiles/cmTC_f3282.dir/build
make[1]: Entering directory '/mnt/c/Users/xpcai/OneDrive/Documents/GitHub/SFND_Lidar_Obstacle_Detection/build/CMakeFiles/CMakeTmp'
Building C object CMakeFiles/cmTC_f3282.dir/src.c.o
/usr/bin/cc -DCMAKE_HAVE_LIBC_PTHREAD   -o CMakeFiles/cmTC_f3282.dir/src.c.o -c /mnt/c/Users/xpcai/OneDrive/Documents/GitHub/SFND_Lidar_Obstacle_Detection/build/CMakeFiles/CMakeTmp/src.c
Linking C executable cmTC_f3282
/usr/bin/cmake -E cmake_link_script CMakeFiles/cmTC_f3282.dir/link.txt --verbose=1
/usr/bin/cc -rdynamic CMakeFiles/cmTC_f3282.dir/src.c.o -o cmTC_f3282 
CMakeFiles/cmTC_f3282.dir/src.c.o: In function `main':
src.c:(.text+0x3e): undefined reference to `pthread_create'
src.c:(.text+0x4a): undefined reference to `pthread_detach'
src.c:(.text+0x56): undefined reference to `pthread_cancel'
src.c:(.text+0x67): undefined reference to `pthread_join'
src.c:(.text+0x7b): undefined reference to `pthread_atfork'
collect2: error: ld returned 1 exit status
CMakeFiles/cmTC_f3282.dir/build.make:105: recipe for target 'cmTC_f3282' failed
make[1]: *** [cmTC_f3282] Error 1
make[1]: Leaving directory '/mnt/c/Users/xpcai/OneDrive/Documents/GitHub/SFND_Lidar_Obstacle_Detection/build/CMakeFiles/CMakeTmp'
Makefile:140: recipe for target 'cmTC_f3282/fast' failed
make: *** [cmTC_f3282/fast] Error 2


Source file was:
#include <pthread.h>

static void* test_func(void* data)
{
  return data;
}

int main(void)
{
  pthread_t thread;
  pthread_create(&thread, NULL, test_func, NULL);
  pthread_detach(thread);
  pthread_cancel(thread);
  pthread_join(thread, NULL);
  pthread_atfork(NULL, NULL, NULL);
  pthread_exit(NULL);

  return 0;
}

Determining if the function pthread_create exists in the pthreads failed with the following output:
Change Dir: /mnt/c/Users/xpcai/OneDrive/Documents/GitHub/SFND_Lidar_Obstacle_Detection/build/CMakeFiles/CMakeTmp

Run Build Command(s):/usr/bin/make cmTC_16efc/fast && /usr/bin/make  -f CMakeFiles/cmTC_16efc.dir/build.make CMakeFiles/cmTC_16efc.dir/build
make[1]: Entering directory '/mnt/c/Users/xpcai/OneDrive/Documents/GitHub/SFND_Lidar_Obstacle_Detection/build/CMakeFiles/CMakeTmp'
Building C object CMakeFiles/cmTC_16efc.dir/CheckFunctionExists.c.o
/usr/bin/cc   -DCHECK_FUNCTION_EXISTS=pthread_create -o CMakeFiles/cmTC_16efc.dir/CheckFunctionExists.c.o -c /usr/share/cmake-3.19/Modules/CheckFunctionExists.c
Linking C executable cmTC_16efc
/usr/bin/cmake -E cmake_link_script CMakeFiles/cmTC_16efc.dir/link.txt --verbose=1
/usr/bin/cc  -DCHECK_FUNCTION_EXISTS=pthread_create -rdynamic CMakeFiles/cmTC_16efc.dir/CheckFunctionExists.c.o -o cmTC_16efc  -lpthreads 
/usr/bin/ld: cannot find -lpthreads
collect2: error: ld returned 1 exit status
CMakeFiles/cmTC_16efc.dir/build.make:105: recipe for target 'cmTC_16efc' failed
make[1]: *** [cmTC_16efc] Error 1
make[1]: Leaving directory '/mnt/c/Users/xpcai/OneDrive/Documents/GitHub/SFND_Lidar_Obstacle_Detection/build/CMakeFiles/CMakeTmp'
Makefile:140: recipe for target 'cmTC_16efc/fast' failed
make: *** [cmTC_16efc/fast] Error 2



